<?xml version="1.0" encoding="UTF-8"?>
<testng-results ignored="0" total="6" passed="6" failed="0" skipped="0">
  <reporter-output>
  </reporter-output>
  <suite started-at="2021-04-17T10:06:00Z" name="Default suite" finished-at="2021-04-17T10:07:02Z" duration-ms="62323">
    <groups>
    </groups>
    <test started-at="2021-04-17T10:06:00Z" name="Default test" finished-at="2021-04-17T10:07:02Z" duration-ms="62323">
      <class name="TestCases.TestHotelInvoice">
        <test-method is-config="true" signature="setUp()[pri:0, instance:TestCases.TestHotelInvoice@5143c662]" started-at="2021-04-17T10:06:00Z" name="setUp" finished-at="2021-04-17T10:06:08Z" duration-ms="7624" status="PASS">
          <reporter-output>
          </reporter-output>
        </test-method> <!-- setUp -->
        <test-method signature="VerifyHotelBookingPage()[pri:1, instance:TestCases.TestHotelInvoice@5143c662]" started-at="2021-04-17T10:06:08Z" name="VerifyHotelBookingPage" finished-at="2021-04-17T10:06:11Z" duration-ms="3378" status="PASS">
          <reporter-output>
          </reporter-output>
        </test-method> <!-- VerifyHotelBookingPage -->
        <test-method signature="VerifyDownloadHotelInvoice()[pri:2, instance:TestCases.TestHotelInvoice@5143c662]" started-at="2021-04-17T10:06:11Z" name="VerifyDownloadHotelInvoice" finished-at="2021-04-17T10:06:29Z" duration-ms="18270" status="PASS">
          <reporter-output>
          </reporter-output>
        </test-method> <!-- VerifyDownloadHotelInvoice -->
        <test-method signature="VerifyHotelInvoicePage()[pri:3, instance:TestCases.TestHotelInvoice@5143c662]" started-at="2021-04-17T10:06:29Z" name="VerifyHotelInvoicePage" finished-at="2021-04-17T10:06:30Z" duration-ms="754" status="PASS">
          <reporter-output>
          </reporter-output>
        </test-method> <!-- VerifyHotelInvoicePage -->
        <test-method signature="VerifyInvoiceDetails()[pri:4, instance:TestCases.TestHotelInvoice@5143c662]" started-at="2021-04-17T10:06:30Z" name="VerifyInvoiceDetails" finished-at="2021-04-17T10:06:30Z" duration-ms="137" status="PASS">
          <reporter-output>
          </reporter-output>
        </test-method> <!-- VerifyInvoiceDetails -->
        <test-method signature="VerifyLinksOnInvoice()[pri:5, instance:TestCases.TestHotelInvoice@5143c662]" started-at="2021-04-17T10:06:30Z" name="VerifyLinksOnInvoice" finished-at="2021-04-17T10:06:54Z" duration-ms="23887" status="PASS">
          <reporter-output>
          </reporter-output>
        </test-method> <!-- VerifyLinksOnInvoice -->
        <test-method signature="VerifyRaiseDispute()[pri:6, instance:TestCases.TestHotelInvoice@5143c662]" started-at="2021-04-17T10:06:54Z" name="VerifyRaiseDispute" finished-at="2021-04-17T10:07:02Z" duration-ms="8111" status="PASS">
          <reporter-output>
          </reporter-output>
        </test-method> <!-- VerifyRaiseDispute -->
        <test-method is-config="true" signature="teardown()[pri:0, instance:TestCases.TestHotelInvoice@5143c662]" started-at="2021-04-17T10:07:02Z" name="teardown" finished-at="2021-04-17T10:07:02Z" duration-ms="126" status="PASS">
          <reporter-output>
          </reporter-output>
        </test-method> <!-- teardown -->
      </class> <!-- TestCases.TestHotelInvoice -->
    </test> <!-- Default test -->
  </suite> <!-- Default suite -->
</testng-results>
